Started GET "/" for ::1 at 2020-02-04 13:32:17 +0700
  
Mysql2::Error::ConnectionError (Access denied for user 'root'@'localhost' (using password: NO)):
  
mysql2 (0.5.3) lib/mysql2/client.rb:90:in `connect'
mysql2 (0.5.3) lib/mysql2/client.rb:90:in `initialize'
activerecord (5.2.4.1) lib/active_record/connection_adapters/mysql2_adapter.rb:22:in `new'
activerecord (5.2.4.1) lib/active_record/connection_adapters/mysql2_adapter.rb:22:in `mysql2_connection'
activerecord (5.2.4.1) lib/active_record/connection_adapters/abstract/connection_pool.rb:830:in `new_connection'
activerecord (5.2.4.1) lib/active_record/connection_adapters/abstract/connection_pool.rb:874:in `checkout_new_connection'
activerecord (5.2.4.1) lib/active_record/connection_adapters/abstract/connection_pool.rb:853:in `try_to_checkout_new_connection'
activerecord (5.2.4.1) lib/active_record/connection_adapters/abstract/connection_pool.rb:814:in `acquire_connection'
activerecord (5.2.4.1) lib/active_record/connection_adapters/abstract/connection_pool.rb:538:in `checkout'
activerecord (5.2.4.1) lib/active_record/connection_adapters/abstract/connection_pool.rb:382:in `connection'
activerecord (5.2.4.1) lib/active_record/connection_adapters/abstract/connection_pool.rb:1033:in `retrieve_connection'
activerecord (5.2.4.1) lib/active_record/connection_handling.rb:118:in `retrieve_connection'
activerecord (5.2.4.1) lib/active_record/connection_handling.rb:90:in `connection'
activerecord (5.2.4.1) lib/active_record/migration.rb:554:in `call'
actionpack (5.2.4.1) lib/action_dispatch/middleware/callbacks.rb:28:in `block in call'
activesupport (5.2.4.1) lib/active_support/callbacks.rb:98:in `run_callbacks'
actionpack (5.2.4.1) lib/action_dispatch/middleware/callbacks.rb:26:in `call'
actionpack (5.2.4.1) lib/action_dispatch/middleware/executor.rb:14:in `call'
actionpack (5.2.4.1) lib/action_dispatch/middleware/debug_exceptions.rb:61:in `call'
web-console (3.7.0) lib/web_console/middleware.rb:135:in `call_app'
web-console (3.7.0) lib/web_console/middleware.rb:30:in `block in call'
web-console (3.7.0) lib/web_console/middleware.rb:20:in `catch'
web-console (3.7.0) lib/web_console/middleware.rb:20:in `call'
actionpack (5.2.4.1) lib/action_dispatch/middleware/show_exceptions.rb:33:in `call'
railties (5.2.4.1) lib/rails/rack/logger.rb:38:in `call_app'
railties (5.2.4.1) lib/rails/rack/logger.rb:26:in `block in call'
activesupport (5.2.4.1) lib/active_support/tagged_logging.rb:71:in `block in tagged'
activesupport (5.2.4.1) lib/active_support/tagged_logging.rb:28:in `tagged'
activesupport (5.2.4.1) lib/active_support/tagged_logging.rb:71:in `tagged'
railties (5.2.4.1) lib/rails/rack/logger.rb:26:in `call'
sprockets-rails (3.2.1) lib/sprockets/rails/quiet_assets.rb:13:in `call'
actionpack (5.2.4.1) lib/action_dispatch/middleware/remote_ip.rb:81:in `call'
actionpack (5.2.4.1) lib/action_dispatch/middleware/request_id.rb:27:in `call'
rack (2.1.2) lib/rack/method_override.rb:24:in `call'
rack (2.1.2) lib/rack/runtime.rb:24:in `call'
activesupport (5.2.4.1) lib/active_support/cache/strategy/local_cache_middleware.rb:29:in `call'
actionpack (5.2.4.1) lib/action_dispatch/middleware/executor.rb:14:in `call'
actionpack (5.2.4.1) lib/action_dispatch/middleware/static.rb:127:in `call'
rack (2.1.2) lib/rack/sendfile.rb:113:in `call'
railties (5.2.4.1) lib/rails/engine.rb:524:in `call'
puma (3.12.2) lib/puma/configuration.rb:227:in `call'
puma (3.12.2) lib/puma/server.rb:674:in `handle_request'
puma (3.12.2) lib/puma/server.rb:476:in `process_client'
puma (3.12.2) lib/puma/server.rb:334:in `block in run'
puma (3.12.2) lib/puma/thread_pool.rb:135:in `block in spawn_thread'
Started GET "/" for ::1 at 2020-02-04 13:34:46 +0700
  [1m[35m (0.7ms)[0m  [1m[35mSET NAMES utf8,  @@SESSION.sql_mode = CONCAT(CONCAT(@@sql_mode, ',STRICT_ALL_TABLES'), ',NO_AUTO_VALUE_ON_ZERO'),  @@SESSION.sql_auto_is_null = 0, @@SESSION.wait_timeout = 2147483[0m
  ↳ /home/reus/.rvm/gems/ruby-2.6.5/gems/activerecord-5.2.4.1/lib/active_record/log_subscriber.rb:98
Processing by Rails::WelcomeController#index as HTML
  Rendering /home/reus/.rvm/gems/ruby-2.6.5/gems/railties-5.2.4.1/lib/rails/templates/rails/welcome/index.html.erb
  Rendered /home/reus/.rvm/gems/ruby-2.6.5/gems/railties-5.2.4.1/lib/rails/templates/rails/welcome/index.html.erb (1.5ms)
Completed 200 OK in 7ms (Views: 2.8ms | ActiveRecord: 0.0ms)


Started GET "/" for ::1 at 2020-02-04 13:42:28 +0700
  [1m[35m (0.7ms)[0m  [1m[35mSET NAMES utf8,  @@SESSION.sql_mode = CONCAT(CONCAT(@@sql_mode, ',STRICT_ALL_TABLES'), ',NO_AUTO_VALUE_ON_ZERO'),  @@SESSION.sql_auto_is_null = 0, @@SESSION.wait_timeout = 2147483[0m
  ↳ /home/reus/.rvm/gems/ruby-2.6.5/gems/activerecord-5.2.4.1/lib/active_record/log_subscriber.rb:98
Processing by Rails::WelcomeController#index as HTML
  Rendering /home/reus/.rvm/gems/ruby-2.6.5/gems/railties-5.2.4.1/lib/rails/templates/rails/welcome/index.html.erb
  Rendered /home/reus/.rvm/gems/ruby-2.6.5/gems/railties-5.2.4.1/lib/rails/templates/rails/welcome/index.html.erb (3.5ms)
Completed 200 OK in 14ms (Views: 8.8ms | ActiveRecord: 0.0ms)


Started GET "/" for ::1 at 2020-02-04 16:19:25 +0700
  [1m[35m (0.2ms)[0m  [1m[35mSET NAMES utf8,  @@SESSION.sql_mode = CONCAT(CONCAT(@@sql_mode, ',STRICT_ALL_TABLES'), ',NO_AUTO_VALUE_ON_ZERO'),  @@SESSION.sql_auto_is_null = 0, @@SESSION.wait_timeout = 2147483[0m
  ↳ /home/reus/.rvm/gems/ruby-2.6.5/gems/activerecord-5.2.4.1/lib/active_record/log_subscriber.rb:98
Processing by Rails::WelcomeController#index as HTML
  Rendering /home/reus/.rvm/gems/ruby-2.6.5/gems/railties-5.2.4.1/lib/rails/templates/rails/welcome/index.html.erb
  Rendered /home/reus/.rvm/gems/ruby-2.6.5/gems/railties-5.2.4.1/lib/rails/templates/rails/welcome/index.html.erb (2.3ms)
Completed 200 OK in 14ms (Views: 8.0ms | ActiveRecord: 0.0ms)


  [1m[35m (3.8ms)[0m  [1m[35mSET NAMES utf8,  @@SESSION.sql_mode = CONCAT(CONCAT(@@sql_mode, ',STRICT_ALL_TABLES'), ',NO_AUTO_VALUE_ON_ZERO'),  @@SESSION.sql_auto_is_null = 0, @@SESSION.wait_timeout = 2147483[0m
  ↳ bin/rails:9
  [1m[35m (10.9ms)[0m  [1m[35mCREATE TABLE `schema_migrations` (`version` varchar(255) NOT NULL PRIMARY KEY)[0m
  ↳ bin/rails:9
  [1m[35m (12.5ms)[0m  [1m[35mCREATE TABLE `ar_internal_metadata` (`key` varchar(255) NOT NULL PRIMARY KEY, `value` varchar(255), `created_at` datetime NOT NULL, `updated_at` datetime NOT NULL)[0m
  ↳ bin/rails:9
  [1m[35m (0.5ms)[0m  [1m[34mSELECT GET_LOCK('5236935387662330205', 0)[0m
  ↳ bin/rails:9
  [1m[35m (0.3ms)[0m  [1m[34mSELECT `schema_migrations`.`version` FROM `schema_migrations` ORDER BY `schema_migrations`.`version` ASC[0m
  ↳ bin/rails:9
Migrating to CreateUsers (20200204134927)
  [1m[35m (10.0ms)[0m  [1m[35mCREATE TABLE `users` (`id` bigint NOT NULL AUTO_INCREMENT PRIMARY KEY, `name` varchar(255), `email` varchar(255), `phone` varchar(255), `password_digest` varchar(255), `remember_digest` varchar(255), `activation_digest` varchar(255), `activated` tinyint(1), `reset_digest` varchar(255), `reset_sent_at` datetime, `created_at` datetime NOT NULL, `updated_at` datetime NOT NULL)[0m
  ↳ db/migrate/20200204134927_create_users.rb:3
  [1m[35m (0.2ms)[0m  [1m[35mBEGIN[0m
  ↳ bin/rails:9
  [1m[36mActiveRecord::SchemaMigration Create (1.0ms)[0m  [1m[32mINSERT INTO `schema_migrations` (`version`) VALUES ('20200204134927')[0m
  ↳ bin/rails:9
  [1m[35m (1.5ms)[0m  [1m[35mCOMMIT[0m
  ↳ bin/rails:9
Migrating to CreateUserRoles (20200204135114)
  [1m[35m (8.7ms)[0m  [1m[35mCREATE TABLE `user_roles` (`id` bigint NOT NULL AUTO_INCREMENT PRIMARY KEY, `role` varchar(255), `created_at` datetime NOT NULL, `updated_at` datetime NOT NULL)[0m
  ↳ db/migrate/20200204135114_create_user_roles.rb:3
  [1m[35m (0.1ms)[0m  [1m[35mBEGIN[0m
  ↳ bin/rails:9
  [1m[36mActiveRecord::SchemaMigration Create (0.1ms)[0m  [1m[32mINSERT INTO `schema_migrations` (`version`) VALUES ('20200204135114')[0m
  ↳ bin/rails:9
  [1m[35m (1.7ms)[0m  [1m[35mCOMMIT[0m
  ↳ bin/rails:9
Migrating to CreateMessages (20200204135245)
  [1m[35m (8.8ms)[0m  [1m[35mCREATE TABLE `messages` (`id` bigint NOT NULL AUTO_INCREMENT PRIMARY KEY, `content` text, `created_at` datetime NOT NULL, `updated_at` datetime NOT NULL)[0m
  ↳ db/migrate/20200204135245_create_messages.rb:3
  [1m[35m (0.1ms)[0m  [1m[35mBEGIN[0m
  ↳ bin/rails:9
  [1m[36mActiveRecord::SchemaMigration Create (0.2ms)[0m  [1m[32mINSERT INTO `schema_migrations` (`version`) VALUES ('20200204135245')[0m
  ↳ bin/rails:9
  [1m[35m (1.5ms)[0m  [1m[35mCOMMIT[0m
  ↳ bin/rails:9
Migrating to CreateVenues (20200204135403)
  [1m[35m (9.7ms)[0m  [1m[35mCREATE TABLE `venues` (`id` bigint NOT NULL AUTO_INCREMENT PRIMARY KEY, `status` tinyint(1), `created_at` datetime NOT NULL, `updated_at` datetime NOT NULL)[0m
  ↳ db/migrate/20200204135403_create_venues.rb:3
  [1m[35m (0.3ms)[0m  [1m[35mBEGIN[0m
  ↳ bin/rails:9
  [1m[36mActiveRecord::SchemaMigration Create (0.3ms)[0m  [1m[32mINSERT INTO `schema_migrations` (`version`) VALUES ('20200204135403')[0m
  ↳ bin/rails:9
  [1m[35m (1.3ms)[0m  [1m[35mCOMMIT[0m
  ↳ bin/rails:9
Migrating to CreateAmenities (20200204135434)
  [1m[35m (9.5ms)[0m  [1m[35mCREATE TABLE `amenities` (`id` bigint NOT NULL AUTO_INCREMENT PRIMARY KEY, `name` varchar(255), `created_at` datetime NOT NULL, `updated_at` datetime NOT NULL)[0m
  ↳ db/migrate/20200204135434_create_amenities.rb:3
  [1m[35m (0.3ms)[0m  [1m[35mBEGIN[0m
  ↳ bin/rails:9
  [1m[36mActiveRecord::SchemaMigration Create (0.2ms)[0m  [1m[32mINSERT INTO `schema_migrations` (`version`) VALUES ('20200204135434')[0m
  ↳ bin/rails:9
  [1m[35m (1.3ms)[0m  [1m[35mCOMMIT[0m
  ↳ bin/rails:9
Migrating to CreateSpaces (20200204135804)
  [1m[35m (10.7ms)[0m  [1m[35mCREATE TABLE `spaces` (`id` bigint NOT NULL AUTO_INCREMENT PRIMARY KEY, `name` varchar(255), `capacity` int, `description` text, `hour_open` time, `hour_close` time, `time_use_start` varchar(255), `time_use_close` varchar(255), `status` tinyint(1), `picture` varchar(255), `created_at` datetime NOT NULL, `updated_at` datetime NOT NULL)[0m
  ↳ db/migrate/20200204135804_create_spaces.rb:3
  [1m[35m (0.2ms)[0m  [1m[35mBEGIN[0m
  ↳ bin/rails:9
  [1m[36mActiveRecord::SchemaMigration Create (0.2ms)[0m  [1m[32mINSERT INTO `schema_migrations` (`version`) VALUES ('20200204135804')[0m
  ↳ bin/rails:9
  [1m[35m (1.4ms)[0m  [1m[35mCOMMIT[0m
  ↳ bin/rails:9
Migrating to CreateAddresses (20200204135917)
  [1m[35m (8.7ms)[0m  [1m[35mCREATE TABLE `addresses` (`id` bigint NOT NULL AUTO_INCREMENT PRIMARY KEY, `city` varchar(255), `latitude` varchar(255), `longitude` varchar(255), `created_at` datetime NOT NULL, `updated_at` datetime NOT NULL)[0m
  ↳ db/migrate/20200204135917_create_addresses.rb:3
  [1m[35m (0.1ms)[0m  [1m[35mBEGIN[0m
  ↳ bin/rails:9
  [1m[36mActiveRecord::SchemaMigration Create (0.1ms)[0m  [1m[32mINSERT INTO `schema_migrations` (`version`) VALUES ('20200204135917')[0m
  ↳ bin/rails:9
  [1m[35m (1.4ms)[0m  [1m[35mCOMMIT[0m
  ↳ bin/rails:9
Migrating to CreateTypes (20200204140008)
  [1m[35m (35.1ms)[0m  [1m[35mCREATE TABLE `types` (`id` bigint NOT NULL AUTO_INCREMENT PRIMARY KEY, `type_name` varchar(255), `created_at` datetime NOT NULL, `updated_at` datetime NOT NULL)[0m
  ↳ db/migrate/20200204140008_create_types.rb:3
  [1m[35m (0.2ms)[0m  [1m[35mBEGIN[0m
  ↳ bin/rails:9
  [1m[36mActiveRecord::SchemaMigration Create (0.2ms)[0m  [1m[32mINSERT INTO `schema_migrations` (`version`) VALUES ('20200204140008')[0m
  ↳ bin/rails:9
  [1m[35m (1.3ms)[0m  [1m[35mCOMMIT[0m
  ↳ bin/rails:9
Migrating to CreateSpacePrices (20200204140049)
  [1m[35m (10.2ms)[0m  [1m[35mCREATE TABLE `space_prices` (`id` bigint NOT NULL AUTO_INCREMENT PRIMARY KEY, `per_month` decimal, `per_day` decimal, `per_hour` decimal, `created_at` datetime NOT NULL, `updated_at` datetime NOT NULL)[0m
  ↳ db/migrate/20200204140049_create_space_prices.rb:3
  [1m[35m (0.3ms)[0m  [1m[35mBEGIN[0m
  ↳ bin/rails:9
  [1m[36mActiveRecord::SchemaMigration Create (0.5ms)[0m  [1m[32mINSERT INTO `schema_migrations` (`version`) VALUES ('20200204140049')[0m
  ↳ bin/rails:9
  [1m[35m (1.9ms)[0m  [1m[35mCOMMIT[0m
  ↳ bin/rails:9
Migrating to CreateBookingDetails (20200204140242)
  [1m[35m (11.9ms)[0m  [1m[35mCREATE TABLE `booking_details` (`id` bigint NOT NULL AUTO_INCREMENT PRIMARY KEY, `time_use_start` datetime, `time_use_close` datetime, `status` tinyint(1), `created_at` datetime NOT NULL, `updated_at` datetime NOT NULL)[0m
  ↳ db/migrate/20200204140242_create_booking_details.rb:3
  [1m[35m (0.3ms)[0m  [1m[35mBEGIN[0m
  ↳ bin/rails:9
  [1m[36mActiveRecord::SchemaMigration Create (0.4ms)[0m  [1m[32mINSERT INTO `schema_migrations` (`version`) VALUES ('20200204140242')[0m
  ↳ bin/rails:9
  [1m[35m (1.5ms)[0m  [1m[35mCOMMIT[0m
  ↳ bin/rails:9
Migrating to CreatePayments (20200204140347)
  [1m[35m (9.1ms)[0m  [1m[35mCREATE TABLE `payments` (`id` bigint NOT NULL AUTO_INCREMENT PRIMARY KEY, `method` varchar(255), `status` tinyint(1), `created_at` datetime NOT NULL, `updated_at` datetime NOT NULL)[0m
  ↳ db/migrate/20200204140347_create_payments.rb:3
  [1m[35m (0.2ms)[0m  [1m[35mBEGIN[0m
  ↳ bin/rails:9
  [1m[36mActiveRecord::SchemaMigration Create (0.2ms)[0m  [1m[32mINSERT INTO `schema_migrations` (`version`) VALUES ('20200204140347')[0m
  ↳ bin/rails:9
  [1m[35m (1.4ms)[0m  [1m[35mCOMMIT[0m
  ↳ bin/rails:9
Migrating to AddUserRolesReferenceToUsers (20200204140617)
  [1m[35m (14.7ms)[0m  [1m[35mALTER TABLE `users` ADD `user_roles_id` bigint[0m
  ↳ db/migrate/20200204140617_add_user_roles_reference_to_users.rb:3
  [1m[35m (7.6ms)[0m  [1m[35mCREATE  INDEX `index_users_on_user_roles_id`  ON `users` (`user_roles_id`) [0m
  ↳ db/migrate/20200204140617_add_user_roles_reference_to_users.rb:3
  [1m[35m (18.7ms)[0m  [1m[35mALTER TABLE `users` ADD CONSTRAINT `fk_rails_415f704d76`
FOREIGN KEY (`user_roles_id`)
  REFERENCES `user_roles` (`id`)
[0m
  ↳ db/migrate/20200204140617_add_user_roles_reference_to_users.rb:3
  [1m[35m (0.1ms)[0m  [1m[35mBEGIN[0m
  ↳ bin/rails:9
  [1m[36mActiveRecord::SchemaMigration Create (0.1ms)[0m  [1m[32mINSERT INTO `schema_migrations` (`version`) VALUES ('20200204140617')[0m
  ↳ bin/rails:9
  [1m[35m (1.4ms)[0m  [1m[35mCOMMIT[0m
  ↳ bin/rails:9
Migrating to AddUsersReferenceToMessages (20200204140751)
  [1m[35m (13.4ms)[0m  [1m[35mALTER TABLE `messages` ADD `users_id` bigint[0m
  ↳ db/migrate/20200204140751_add_users_reference_to_messages.rb:3
  [1m[35m (6.5ms)[0m  [1m[35mCREATE  INDEX `index_messages_on_users_id`  ON `messages` (`users_id`) [0m
  ↳ db/migrate/20200204140751_add_users_reference_to_messages.rb:3
  [1m[35m (47.7ms)[0m  [1m[35mALTER TABLE `messages` ADD CONSTRAINT `fk_rails_e3b11c0cbb`
FOREIGN KEY (`users_id`)
  REFERENCES `users` (`id`)
[0m
  ↳ db/migrate/20200204140751_add_users_reference_to_messages.rb:3
  [1m[35m (0.3ms)[0m  [1m[35mBEGIN[0m
  ↳ bin/rails:9
  [1m[36mActiveRecord::SchemaMigration Create (0.5ms)[0m  [1m[32mINSERT INTO `schema_migrations` (`version`) VALUES ('20200204140751')[0m
  ↳ bin/rails:9
  [1m[35m (2.3ms)[0m  [1m[35mCOMMIT[0m
  ↳ bin/rails:9
Migrating to AddUsersReferenceToVenues (20200204140856)
  [1m[35m (20.1ms)[0m  [1m[35mALTER TABLE `venues` ADD `belongs_to_user_id` bigint[0m
  ↳ db/migrate/20200204140856_add_users_reference_to_venues.rb:3
  [1m[35m (10.3ms)[0m  [1m[35mCREATE  INDEX `index_venues_on_belongs_to_user_id`  ON `venues` (`belongs_to_user_id`) [0m
  ↳ db/migrate/20200204140856_add_users_reference_to_venues.rb:3
  [1m[35m (28.6ms)[0m  [1m[35mALTER TABLE `venues` ADD CONSTRAINT `fk_rails_7170b7c798`
FOREIGN KEY (`belongs_to_user_id`)
  REFERENCES `users` (`id`)
[0m
  ↳ db/migrate/20200204140856_add_users_reference_to_venues.rb:3
  [1m[35m (0.2ms)[0m  [1m[35mBEGIN[0m
  ↳ bin/rails:9
  [1m[36mActiveRecord::SchemaMigration Create (0.3ms)[0m  [1m[32mINSERT INTO `schema_migrations` (`version`) VALUES ('20200204140856')[0m
  ↳ bin/rails:9
  [1m[35m (0.8ms)[0m  [1m[35mCOMMIT[0m
  ↳ bin/rails:9
Migrating to AddAmenitiesReferenceToVenues (20200204141100)
  [1m[35m (18.0ms)[0m  [1m[35mALTER TABLE `venues` ADD `amenities_id` bigint[0m
  ↳ db/migrate/20200204141100_add_amenities_reference_to_venues.rb:3
  [1m[35m (8.1ms)[0m  [1m[35mCREATE  INDEX `index_venues_on_amenities_id`  ON `venues` (`amenities_id`) [0m
  ↳ db/migrate/20200204141100_add_amenities_reference_to_venues.rb:3
  [1m[35m (23.2ms)[0m  [1m[35mALTER TABLE `venues` ADD CONSTRAINT `fk_rails_bf303a8815`
FOREIGN KEY (`amenities_id`)
  REFERENCES `amenities` (`id`)
[0m
  ↳ db/migrate/20200204141100_add_amenities_reference_to_venues.rb:3
  [1m[35m (0.2ms)[0m  [1m[35mBEGIN[0m
  ↳ bin/rails:9
  [1m[36mActiveRecord::SchemaMigration Create (0.2ms)[0m  [1m[32mINSERT INTO `schema_migrations` (`version`) VALUES ('20200204141100')[0m
  ↳ bin/rails:9
  [1m[35m (2.2ms)[0m  [1m[35mCOMMIT[0m
  ↳ bin/rails:9
Migrating to AddAddressesReferenceToVenues (20200204141446)
  [1m[35m (18.2ms)[0m  [1m[35mALTER TABLE `venues` ADD `addresses_id` bigint[0m
  ↳ db/migrate/20200204141446_add_addresses_reference_to_venues.rb:3
  [1m[35m (8.7ms)[0m  [1m[35mCREATE  INDEX `index_venues_on_addresses_id`  ON `venues` (`addresses_id`) [0m
  ↳ db/migrate/20200204141446_add_addresses_reference_to_venues.rb:3
  [1m[35m (23.9ms)[0m  [1m[35mALTER TABLE `venues` ADD CONSTRAINT `fk_rails_0af9395e0c`
FOREIGN KEY (`addresses_id`)
  REFERENCES `addresses` (`id`)
[0m
  ↳ db/migrate/20200204141446_add_addresses_reference_to_venues.rb:3
  [1m[35m (0.1ms)[0m  [1m[35mBEGIN[0m
  ↳ bin/rails:9
  [1m[36mActiveRecord::SchemaMigration Create (0.2ms)[0m  [1m[32mINSERT INTO `schema_migrations` (`version`) VALUES ('20200204141446')[0m
  ↳ bin/rails:9
  [1m[35m (0.8ms)[0m  [1m[35mCOMMIT[0m
  ↳ bin/rails:9
Migrating to AddVenuesReferenceToSpaces (20200204141559)
  [1m[35m (14.1ms)[0m  [1m[35mALTER TABLE `spaces` ADD `venues_id` bigint[0m
  ↳ db/migrate/20200204141559_add_venues_reference_to_spaces.rb:3
  [1m[35m (8.8ms)[0m  [1m[35mCREATE  INDEX `index_spaces_on_venues_id`  ON `spaces` (`venues_id`) [0m
  ↳ db/migrate/20200204141559_add_venues_reference_to_spaces.rb:3
  [1m[35m (28.8ms)[0m  [1m[35mALTER TABLE `spaces` ADD CONSTRAINT `fk_rails_0a0199ad47`
FOREIGN KEY (`venues_id`)
  REFERENCES `venues` (`id`)
[0m
  ↳ db/migrate/20200204141559_add_venues_reference_to_spaces.rb:3
  [1m[35m (0.3ms)[0m  [1m[35mBEGIN[0m
  ↳ bin/rails:9
  [1m[36mActiveRecord::SchemaMigration Create (0.5ms)[0m  [1m[32mINSERT INTO `schema_migrations` (`version`) VALUES ('20200204141559')[0m
  ↳ bin/rails:9
  [1m[35m (2.1ms)[0m  [1m[35mCOMMIT[0m
  ↳ bin/rails:9
Migrating to AddUsersReferencesToSpaces (20200204141730)
  [1m[35m (24.0ms)[0m  [1m[35mALTER TABLE `spaces` ADD `manager_id` bigint[0m
  ↳ db/migrate/20200204141730_add_users_references_to_spaces.rb:3
  [1m[35m (10.8ms)[0m  [1m[35mCREATE  INDEX `index_spaces_on_manager_id`  ON `spaces` (`manager_id`) [0m
  ↳ db/migrate/20200204141730_add_users_references_to_spaces.rb:3
  [1m[35m (23.8ms)[0m  [1m[35mALTER TABLE `spaces` ADD CONSTRAINT `fk_rails_f1958cf4de`
FOREIGN KEY (`manager_id`)
  REFERENCES `users` (`id`)
[0m
  ↳ db/migrate/20200204141730_add_users_references_to_spaces.rb:3
  [1m[35m (0.1ms)[0m  [1m[35mBEGIN[0m
  ↳ bin/rails:9
  [1m[36mActiveRecord::SchemaMigration Create (0.7ms)[0m  [1m[32mINSERT INTO `schema_migrations` (`version`) VALUES ('20200204141730')[0m
  ↳ bin/rails:9
  [1m[35m (1.8ms)[0m  [1m[35mCOMMIT[0m
  ↳ bin/rails:9
Migrating to AddTypesReferenceToSpaces (20200204141913)
  [1m[35m (24.9ms)[0m  [1m[35mALTER TABLE `spaces` ADD `types_id` bigint[0m
  ↳ db/migrate/20200204141913_add_types_reference_to_spaces.rb:3
  [1m[35m (9.5ms)[0m  [1m[35mCREATE  INDEX `index_spaces_on_types_id`  ON `spaces` (`types_id`) [0m
  ↳ db/migrate/20200204141913_add_types_reference_to_spaces.rb:3
  [1m[35m (26.1ms)[0m  [1m[35mALTER TABLE `spaces` ADD CONSTRAINT `fk_rails_5b32553c30`
FOREIGN KEY (`types_id`)
  REFERENCES `types` (`id`)
[0m
  ↳ db/migrate/20200204141913_add_types_reference_to_spaces.rb:3
  [1m[35m (0.2ms)[0m  [1m[35mBEGIN[0m
  ↳ bin/rails:9
  [1m[36mActiveRecord::SchemaMigration Create (0.3ms)[0m  [1m[32mINSERT INTO `schema_migrations` (`version`) VALUES ('20200204141913')[0m
  ↳ bin/rails:9
  [1m[35m (0.7ms)[0m  [1m[35mCOMMIT[0m
  ↳ bin/rails:9
Migrating to AddSpacePricesReferenceToSpaces (20200204142026)
  [1m[35m (27.1ms)[0m  [1m[35mALTER TABLE `spaces` ADD `space_prices_id` bigint[0m
  ↳ db/migrate/20200204142026_add_space_prices_reference_to_spaces.rb:3
  [1m[35m (10.1ms)[0m  [1m[35mCREATE  INDEX `index_spaces_on_space_prices_id`  ON `spaces` (`space_prices_id`) [0m
  ↳ db/migrate/20200204142026_add_space_prices_reference_to_spaces.rb:3
  [1m[35m (29.4ms)[0m  [1m[35mALTER TABLE `spaces` ADD CONSTRAINT `fk_rails_992d6868a2`
FOREIGN KEY (`space_prices_id`)
  REFERENCES `space_prices` (`id`)
[0m
  ↳ db/migrate/20200204142026_add_space_prices_reference_to_spaces.rb:3
  [1m[35m (0.2ms)[0m  [1m[35mBEGIN[0m
  ↳ bin/rails:9
  [1m[36mActiveRecord::SchemaMigration Create (0.3ms)[0m  [1m[32mINSERT INTO `schema_migrations` (`version`) VALUES ('20200204142026')[0m
  ↳ bin/rails:9
  [1m[35m (1.8ms)[0m  [1m[35mCOMMIT[0m
  ↳ bin/rails:9
Migrating to AddSpacesReferencesToBookingDetails (20200204142238)
  [1m[35m (15.8ms)[0m  [1m[35mALTER TABLE `booking_details` ADD `spaces_id` bigint[0m
  ↳ db/migrate/20200204142238_add_spaces_references_to_booking_details.rb:3
  [1m[35m (7.7ms)[0m  [1m[35mCREATE  INDEX `index_booking_details_on_spaces_id`  ON `booking_details` (`spaces_id`) [0m
  ↳ db/migrate/20200204142238_add_spaces_references_to_booking_details.rb:3
  [1m[35m (21.5ms)[0m  [1m[35mALTER TABLE `booking_details` ADD CONSTRAINT `fk_rails_cd20e4e69d`
FOREIGN KEY (`spaces_id`)
  REFERENCES `spaces` (`id`)
[0m
  ↳ db/migrate/20200204142238_add_spaces_references_to_booking_details.rb:3
  [1m[35m (0.2ms)[0m  [1m[35mBEGIN[0m
  ↳ bin/rails:9
  [1m[36mActiveRecord::SchemaMigration Create (0.2ms)[0m  [1m[32mINSERT INTO `schema_migrations` (`version`) VALUES ('20200204142238')[0m
  ↳ bin/rails:9
  [1m[35m (1.7ms)[0m  [1m[35mCOMMIT[0m
  ↳ bin/rails:9
Migrating to AddUsersReferencesToBookingDetails (20200204142450)
  [1m[35m (16.9ms)[0m  [1m[35mALTER TABLE `booking_details` ADD `users_id` bigint[0m
  ↳ db/migrate/20200204142450_add_users_references_to_booking_details.rb:3
  [1m[35m (7.6ms)[0m  [1m[35mCREATE  INDEX `index_booking_details_on_users_id`  ON `booking_details` (`users_id`) [0m
  ↳ db/migrate/20200204142450_add_users_references_to_booking_details.rb:3
  [1m[35m (21.7ms)[0m  [1m[35mALTER TABLE `booking_details` ADD CONSTRAINT `fk_rails_33834f4836`
FOREIGN KEY (`users_id`)
  REFERENCES `users` (`id`)
[0m
  ↳ db/migrate/20200204142450_add_users_references_to_booking_details.rb:3
  [1m[35m (0.2ms)[0m  [1m[35mBEGIN[0m
  ↳ bin/rails:9
  [1m[36mActiveRecord::SchemaMigration Create (0.2ms)[0m  [1m[32mINSERT INTO `schema_migrations` (`version`) VALUES ('20200204142450')[0m
  ↳ bin/rails:9
  [1m[35m (0.7ms)[0m  [1m[35mCOMMIT[0m
  ↳ bin/rails:9
Migrating to AddPaymentsReferenceToBookingDetails (20200204142555)
  [1m[35m (18.3ms)[0m  [1m[35mALTER TABLE `booking_details` ADD `payments_id` bigint[0m
  ↳ db/migrate/20200204142555_add_payments_reference_to_booking_details.rb:3
  [1m[35m (8.1ms)[0m  [1m[35mCREATE  INDEX `index_booking_details_on_payments_id`  ON `booking_details` (`payments_id`) [0m
  ↳ db/migrate/20200204142555_add_payments_reference_to_booking_details.rb:3
  [1m[35m (24.8ms)[0m  [1m[35mALTER TABLE `booking_details` ADD CONSTRAINT `fk_rails_8a8648f451`
FOREIGN KEY (`payments_id`)
  REFERENCES `payments` (`id`)
[0m
  ↳ db/migrate/20200204142555_add_payments_reference_to_booking_details.rb:3
  [1m[35m (0.2ms)[0m  [1m[35mBEGIN[0m
  ↳ bin/rails:9
  [1m[36mActiveRecord::SchemaMigration Create (0.2ms)[0m  [1m[32mINSERT INTO `schema_migrations` (`version`) VALUES ('20200204142555')[0m
  ↳ bin/rails:9
  [1m[35m (1.4ms)[0m  [1m[35mCOMMIT[0m
  ↳ bin/rails:9
  [1m[36mActiveRecord::InternalMetadata Load (0.3ms)[0m  [1m[34mSELECT  `ar_internal_metadata`.* FROM `ar_internal_metadata` WHERE `ar_internal_metadata`.`key` = 'environment' LIMIT 1[0m
  ↳ bin/rails:9
  [1m[35m (0.1ms)[0m  [1m[35mBEGIN[0m
  ↳ bin/rails:9
  [1m[36mActiveRecord::InternalMetadata Create (0.2ms)[0m  [1m[32mINSERT INTO `ar_internal_metadata` (`key`, `value`, `created_at`, `updated_at`) VALUES ('environment', 'development', '2020-02-04 14:27:15', '2020-02-04 14:27:15')[0m
  ↳ bin/rails:9
  [1m[35m (1.2ms)[0m  [1m[35mCOMMIT[0m
  ↳ bin/rails:9
  [1m[35m (0.2ms)[0m  [1m[34mSELECT RELEASE_LOCK('5236935387662330205')[0m
  ↳ bin/rails:9
  [1m[35m (0.2ms)[0m  [1m[34mSELECT `schema_migrations`.`version` FROM `schema_migrations` ORDER BY `schema_migrations`.`version` ASC[0m
  ↳ bin/rails:9
  [1m[35m (2.9ms)[0m  [1m[35mSET NAMES utf8,  @@SESSION.sql_mode = CONCAT(CONCAT(@@sql_mode, ',STRICT_ALL_TABLES'), ',NO_AUTO_VALUE_ON_ZERO'),  @@SESSION.sql_auto_is_null = 0, @@SESSION.wait_timeout = 2147483[0m
  ↳ bin/rails:9
  [1m[35m (0.3ms)[0m  [1m[34mSELECT GET_LOCK('5236935387662330205', 0)[0m
  ↳ bin/rails:9
  [1m[35m (0.9ms)[0m  [1m[34mSELECT `schema_migrations`.`version` FROM `schema_migrations` ORDER BY `schema_migrations`.`version` ASC[0m
  ↳ bin/rails:9
Migrating to AddVenuesReferenceToAmenities (20200205005218)
  [1m[35m (20.2ms)[0m  [1m[35mALTER TABLE `amenities` ADD `venues_id` bigint[0m
  ↳ db/migrate/20200205005218_add_venues_reference_to_amenities.rb:3
  [1m[35m (7.2ms)[0m  [1m[35mCREATE  INDEX `index_amenities_on_venues_id`  ON `amenities` (`venues_id`) [0m
  ↳ db/migrate/20200205005218_add_venues_reference_to_amenities.rb:3
  [1m[35m (24.0ms)[0m  [1m[35mALTER TABLE `amenities` ADD CONSTRAINT `fk_rails_4574cc678b`
FOREIGN KEY (`venues_id`)
  REFERENCES `venues` (`id`)
[0m
  ↳ db/migrate/20200205005218_add_venues_reference_to_amenities.rb:3
  [1m[35m (0.2ms)[0m  [1m[35mBEGIN[0m
  ↳ bin/rails:9
  [1m[36mActiveRecord::SchemaMigration Create (0.7ms)[0m  [1m[32mINSERT INTO `schema_migrations` (`version`) VALUES ('20200205005218')[0m
  ↳ bin/rails:9
  [1m[35m (1.7ms)[0m  [1m[35mCOMMIT[0m
  ↳ bin/rails:9
  [1m[36mActiveRecord::InternalMetadata Load (0.9ms)[0m  [1m[34mSELECT  `ar_internal_metadata`.* FROM `ar_internal_metadata` WHERE `ar_internal_metadata`.`key` = 'environment' LIMIT 1[0m
  ↳ bin/rails:9
  [1m[35m (0.2ms)[0m  [1m[35mBEGIN[0m
  ↳ bin/rails:9
  [1m[35m (0.2ms)[0m  [1m[35mCOMMIT[0m
  ↳ bin/rails:9
  [1m[35m (0.1ms)[0m  [1m[34mSELECT RELEASE_LOCK('5236935387662330205')[0m
  ↳ bin/rails:9
  [1m[35m (0.3ms)[0m  [1m[34mSELECT `schema_migrations`.`version` FROM `schema_migrations` ORDER BY `schema_migrations`.`version` ASC[0m
  ↳ bin/rails:9
  [1m[35m (0.2ms)[0m  [1m[35mSET NAMES utf8,  @@SESSION.sql_mode = CONCAT(CONCAT(@@sql_mode, ',STRICT_ALL_TABLES'), ',NO_AUTO_VALUE_ON_ZERO'),  @@SESSION.sql_auto_is_null = 0, @@SESSION.wait_timeout = 2147483[0m
  ↳ bin/rails:9
  [1m[35m (0.9ms)[0m  [1m[34mSELECT `schema_migrations`.`version` FROM `schema_migrations` ORDER BY `schema_migrations`.`version` ASC[0m
  ↳ bin/rails:9
  [1m[35m (0.2ms)[0m  [1m[34mSELECT `ar_internal_metadata`.`value` FROM `ar_internal_metadata` WHERE `ar_internal_metadata`.`key` = 'environment'[0m
  ↳ bin/rails:9
  [1m[35m (0.2ms)[0m  [1m[34mSELECT `schema_migrations`.`version` FROM `schema_migrations` ORDER BY `schema_migrations`.`version` ASC[0m
  ↳ bin/rails:9
  [1m[35m (0.1ms)[0m  [1m[34mSELECT `ar_internal_metadata`.`value` FROM `ar_internal_metadata` WHERE `ar_internal_metadata`.`key` = 'environment'[0m
  ↳ bin/rails:9
  [1m[35m (0.1ms)[0m  [1m[34mSELECT `schema_migrations`.`version` FROM `schema_migrations` ORDER BY `schema_migrations`.`version` ASC[0m
  ↳ bin/rails:9
  [1m[35m (0.1ms)[0m  [1m[34mSELECT `ar_internal_metadata`.`value` FROM `ar_internal_metadata` WHERE `ar_internal_metadata`.`key` = 'environment'[0m
  ↳ bin/rails:9
  [1m[35m (0.2ms)[0m  [1m[35mSET NAMES utf8,  @@SESSION.sql_mode = CONCAT(CONCAT(@@sql_mode, ',STRICT_ALL_TABLES'), ',NO_AUTO_VALUE_ON_ZERO'),  @@SESSION.sql_auto_is_null = 0, @@SESSION.wait_timeout = 2147483[0m
  ↳ bin/rails:9
  [1m[35m (46.9ms)[0m  [1m[35mDROP DATABASE IF EXISTS `CoWorkingSpaceDB`[0m
  ↳ bin/rails:9
  [1m[35m (0.1ms)[0m  [1m[35mSET NAMES utf8,  @@SESSION.sql_mode = CONCAT(CONCAT(@@sql_mode, ',STRICT_ALL_TABLES'), ',NO_AUTO_VALUE_ON_ZERO'),  @@SESSION.sql_auto_is_null = 0, @@SESSION.wait_timeout = 2147483[0m
  ↳ bin/rails:9
  [1m[35m (0.2ms)[0m  [1m[35mCREATE DATABASE `CoWorkingSpaceDB` DEFAULT CHARACTER SET `utf8`[0m
  ↳ bin/rails:9
  [1m[35m (0.2ms)[0m  [1m[35mSET NAMES utf8,  @@SESSION.sql_mode = CONCAT(CONCAT(@@sql_mode, ',STRICT_ALL_TABLES'), ',NO_AUTO_VALUE_ON_ZERO'),  @@SESSION.sql_auto_is_null = 0, @@SESSION.wait_timeout = 2147483[0m
  ↳ bin/rails:9
  [1m[35m (1.1ms)[0m  [1m[35mCREATE DATABASE `CoWorkingSpaceDB` DEFAULT CHARACTER SET `utf8`[0m
  ↳ bin/rails:9
  [1m[35m (0.2ms)[0m  [1m[35mSET NAMES utf8,  @@SESSION.sql_mode = CONCAT(CONCAT(@@sql_mode, ',STRICT_ALL_TABLES'), ',NO_AUTO_VALUE_ON_ZERO'),  @@SESSION.sql_auto_is_null = 0, @@SESSION.wait_timeout = 2147483[0m
  ↳ bin/rails:9
  [1m[35m (11.1ms)[0m  [1m[35mCREATE TABLE `schema_migrations` (`version` varchar(255) NOT NULL PRIMARY KEY)[0m
  ↳ bin/rails:9
  [1m[35m (9.9ms)[0m  [1m[35mCREATE TABLE `ar_internal_metadata` (`key` varchar(255) NOT NULL PRIMARY KEY, `value` varchar(255), `created_at` datetime NOT NULL, `updated_at` datetime NOT NULL)[0m
  ↳ bin/rails:9
  [1m[35m (0.1ms)[0m  [1m[34mSELECT GET_LOCK('5236935387662330205', 0)[0m
  ↳ bin/rails:9
  [1m[35m (0.2ms)[0m  [1m[34mSELECT `schema_migrations`.`version` FROM `schema_migrations` ORDER BY `schema_migrations`.`version` ASC[0m
  ↳ bin/rails:9
Migrating to CreateUsers (20200204134927)
  [1m[35m (10.3ms)[0m  [1m[35mCREATE TABLE `users` (`id` bigint NOT NULL AUTO_INCREMENT PRIMARY KEY, `name` varchar(255), `email` varchar(255), `phone` varchar(255), `password_digest` varchar(255), `remember_digest` varchar(255), `activation_digest` varchar(255), `activated` tinyint(1), `reset_digest` varchar(255), `reset_sent_at` datetime, `created_at` datetime NOT NULL, `updated_at` datetime NOT NULL)[0m
  ↳ db/migrate/20200204134927_create_users.rb:3
  [1m[35m (0.2ms)[0m  [1m[35mBEGIN[0m
  ↳ bin/rails:9
  [1m[36mActiveRecord::SchemaMigration Create (0.2ms)[0m  [1m[32mINSERT INTO `schema_migrations` (`version`) VALUES ('20200204134927')[0m
  ↳ bin/rails:9
  [1m[35m (1.7ms)[0m  [1m[35mCOMMIT[0m
  ↳ bin/rails:9
Migrating to CreateUserRoles (20200204135114)
  [1m[35m (8.6ms)[0m  [1m[35mCREATE TABLE `user_roles` (`id` bigint NOT NULL AUTO_INCREMENT PRIMARY KEY, `role` varchar(255), `created_at` datetime NOT NULL, `updated_at` datetime NOT NULL)[0m
  ↳ db/migrate/20200204135114_create_user_roles.rb:3
  [1m[35m (0.7ms)[0m  [1m[35mBEGIN[0m
  ↳ bin/rails:9
  [1m[36mActiveRecord::SchemaMigration Create (0.3ms)[0m  [1m[32mINSERT INTO `schema_migrations` (`version`) VALUES ('20200204135114')[0m
  ↳ bin/rails:9
  [1m[35m (2.1ms)[0m  [1m[35mCOMMIT[0m
  ↳ bin/rails:9
Migrating to CreateMessages (20200204135245)
  [1m[35m (8.3ms)[0m  [1m[35mCREATE TABLE `messages` (`id` bigint NOT NULL AUTO_INCREMENT PRIMARY KEY, `content` text, `created_at` datetime NOT NULL, `updated_at` datetime NOT NULL)[0m
  ↳ db/migrate/20200204135245_create_messages.rb:3
  [1m[35m (0.2ms)[0m  [1m[35mBEGIN[0m
  ↳ bin/rails:9
  [1m[36mActiveRecord::SchemaMigration Create (0.9ms)[0m  [1m[32mINSERT INTO `schema_migrations` (`version`) VALUES ('20200204135245')[0m
  ↳ bin/rails:9
  [1m[35m (1.8ms)[0m  [1m[35mCOMMIT[0m
  ↳ bin/rails:9
Migrating to CreateVenues (20200204135403)
  [1m[35m (8.6ms)[0m  [1m[35mCREATE TABLE `venues` (`id` bigint NOT NULL AUTO_INCREMENT PRIMARY KEY, `status` tinyint(1), `created_at` datetime NOT NULL, `updated_at` datetime NOT NULL)[0m
  ↳ db/migrate/20200204135403_create_venues.rb:3
  [1m[35m (0.1ms)[0m  [1m[35mBEGIN[0m
  ↳ bin/rails:9
  [1m[36mActiveRecord::SchemaMigration Create (0.1ms)[0m  [1m[32mINSERT INTO `schema_migrations` (`version`) VALUES ('20200204135403')[0m
  ↳ bin/rails:9
  [1m[35m (1.4ms)[0m  [1m[35mCOMMIT[0m
  ↳ bin/rails:9
Migrating to CreateAmenities (20200204135434)
  [1m[35m (9.4ms)[0m  [1m[35mCREATE TABLE `amenities` (`id` bigint NOT NULL AUTO_INCREMENT PRIMARY KEY, `name` varchar(255), `created_at` datetime NOT NULL, `updated_at` datetime NOT NULL)[0m
  ↳ db/migrate/20200204135434_create_amenities.rb:3
  [1m[35m (0.2ms)[0m  [1m[35mBEGIN[0m
  ↳ bin/rails:9
  [1m[36mActiveRecord::SchemaMigration Create (0.2ms)[0m  [1m[32mINSERT INTO `schema_migrations` (`version`) VALUES ('20200204135434')[0m
  ↳ bin/rails:9
  [1m[35m (1.4ms)[0m  [1m[35mCOMMIT[0m
  ↳ bin/rails:9
Migrating to CreateSpaces (20200204135804)
  [1m[35m (10.1ms)[0m  [1m[35mCREATE TABLE `spaces` (`id` bigint NOT NULL AUTO_INCREMENT PRIMARY KEY, `name` varchar(255), `capacity` int, `description` text, `hour_open` time, `hour_close` time, `time_use_start` varchar(255), `time_use_close` varchar(255), `status` tinyint(1), `picture` varchar(255), `created_at` datetime NOT NULL, `updated_at` datetime NOT NULL)[0m
  ↳ db/migrate/20200204135804_create_spaces.rb:3
  [1m[35m (0.1ms)[0m  [1m[35mBEGIN[0m
  ↳ bin/rails:9
  [1m[36mActiveRecord::SchemaMigration Create (0.3ms)[0m  [1m[32mINSERT INTO `schema_migrations` (`version`) VALUES ('20200204135804')[0m
  ↳ bin/rails:9
  [1m[35m (1.6ms)[0m  [1m[35mCOMMIT[0m
  ↳ bin/rails:9
Migrating to CreateAddresses (20200204135917)
  [1m[35m (8.5ms)[0m  [1m[35mCREATE TABLE `addresses` (`id` bigint NOT NULL AUTO_INCREMENT PRIMARY KEY, `city` varchar(255), `latitude` varchar(255), `longitude` varchar(255), `created_at` datetime NOT NULL, `updated_at` datetime NOT NULL)[0m
  ↳ db/migrate/20200204135917_create_addresses.rb:3
  [1m[35m (0.2ms)[0m  [1m[35mBEGIN[0m
  ↳ bin/rails:9
  [1m[36mActiveRecord::SchemaMigration Create (0.2ms)[0m  [1m[32mINSERT INTO `schema_migrations` (`version`) VALUES ('20200204135917')[0m
  ↳ bin/rails:9
  [1m[35m (1.4ms)[0m  [1m[35mCOMMIT[0m
  ↳ bin/rails:9
Migrating to CreateTypes (20200204140008)
  [1m[35m (11.2ms)[0m  [1m[35mCREATE TABLE `types` (`id` bigint NOT NULL AUTO_INCREMENT PRIMARY KEY, `type_name` varchar(255), `created_at` datetime NOT NULL, `updated_at` datetime NOT NULL)[0m
  ↳ db/migrate/20200204140008_create_types.rb:3
  [1m[35m (0.1ms)[0m  [1m[35mBEGIN[0m
  ↳ bin/rails:9
  [1m[36mActiveRecord::SchemaMigration Create (0.2ms)[0m  [1m[32mINSERT INTO `schema_migrations` (`version`) VALUES ('20200204140008')[0m
  ↳ bin/rails:9
  [1m[35m (1.2ms)[0m  [1m[35mCOMMIT[0m
  ↳ bin/rails:9
Migrating to CreateSpacePrices (20200204140049)
  [1m[35m (10.4ms)[0m  [1m[35mCREATE TABLE `space_prices` (`id` bigint NOT NULL AUTO_INCREMENT PRIMARY KEY, `per_month` decimal, `per_day` decimal, `per_hour` decimal, `created_at` datetime NOT NULL, `updated_at` datetime NOT NULL)[0m
  ↳ db/migrate/20200204140049_create_space_prices.rb:3
  [1m[35m (0.1ms)[0m  [1m[35mBEGIN[0m
  ↳ bin/rails:9
  [1m[36mActiveRecord::SchemaMigration Create (0.1ms)[0m  [1m[32mINSERT INTO `schema_migrations` (`version`) VALUES ('20200204140049')[0m
  ↳ bin/rails:9
  [1m[35m (0.6ms)[0m  [1m[35mCOMMIT[0m
  ↳ bin/rails:9
Migrating to CreateBookingDetails (20200204140242)
  [1m[35m (11.2ms)[0m  [1m[35mCREATE TABLE `booking_details` (`id` bigint NOT NULL AUTO_INCREMENT PRIMARY KEY, `time_use_start` datetime, `time_use_close` datetime, `status` tinyint(1), `created_at` datetime NOT NULL, `updated_at` datetime NOT NULL)[0m
  ↳ db/migrate/20200204140242_create_booking_details.rb:3
  [1m[35m (0.3ms)[0m  [1m[35mBEGIN[0m
  ↳ bin/rails:9
  [1m[36mActiveRecord::SchemaMigration Create (0.5ms)[0m  [1m[32mINSERT INTO `schema_migrations` (`version`) VALUES ('20200204140242')[0m
  ↳ bin/rails:9
  [1m[35m (1.8ms)[0m  [1m[35mCOMMIT[0m
  ↳ bin/rails:9
Migrating to CreatePayments (20200204140347)
  [1m[35m (11.2ms)[0m  [1m[35mCREATE TABLE `payments` (`id` bigint NOT NULL AUTO_INCREMENT PRIMARY KEY, `method` varchar(255), `status` tinyint(1), `created_at` datetime NOT NULL, `updated_at` datetime NOT NULL)[0m
  ↳ db/migrate/20200204140347_create_payments.rb:3
  [1m[35m (0.2ms)[0m  [1m[35mBEGIN[0m
  ↳ bin/rails:9
  [1m[36mActiveRecord::SchemaMigration Create (0.2ms)[0m  [1m[32mINSERT INTO `schema_migrations` (`version`) VALUES ('20200204140347')[0m
  ↳ bin/rails:9
  [1m[35m (1.4ms)[0m  [1m[35mCOMMIT[0m
  ↳ bin/rails:9
Migrating to AddUserRolesReferenceToUsers (20200204140617)
  [1m[35m (15.4ms)[0m  [1m[35mALTER TABLE `users` ADD `user_roles_id` bigint[0m
  ↳ db/migrate/20200204140617_add_user_roles_reference_to_users.rb:3
  [1m[35m (6.6ms)[0m  [1m[35mCREATE  INDEX `index_users_on_user_roles_id`  ON `users` (`user_roles_id`) [0m
  ↳ db/migrate/20200204140617_add_user_roles_reference_to_users.rb:3
  [1m[35m (26.9ms)[0m  [1m[35mALTER TABLE `users` ADD CONSTRAINT `fk_rails_415f704d76`
FOREIGN KEY (`user_roles_id`)
  REFERENCES `user_roles` (`id`)
[0m
  ↳ db/migrate/20200204140617_add_user_roles_reference_to_users.rb:3
  [1m[35m (0.4ms)[0m  [1m[35mBEGIN[0m
  ↳ bin/rails:9
  [1m[36mActiveRecord::SchemaMigration Create (0.4ms)[0m  [1m[32mINSERT INTO `schema_migrations` (`version`) VALUES ('20200204140617')[0m
  ↳ bin/rails:9
  [1m[35m (1.7ms)[0m  [1m[35mCOMMIT[0m
  ↳ bin/rails:9
Migrating to AddUsersReferenceToMessages (20200204140751)
  [1m[35m (17.7ms)[0m  [1m[35mALTER TABLE `messages` ADD `users_id` bigint[0m
  ↳ db/migrate/20200204140751_add_users_reference_to_messages.rb:3
  [1m[35m (7.5ms)[0m  [1m[35mCREATE  INDEX `index_messages_on_users_id`  ON `messages` (`users_id`) [0m
  ↳ db/migrate/20200204140751_add_users_reference_to_messages.rb:3
  [1m[35m (21.4ms)[0m  [1m[35mALTER TABLE `messages` ADD CONSTRAINT `fk_rails_e3b11c0cbb`
FOREIGN KEY (`users_id`)
  REFERENCES `users` (`id`)
[0m
  ↳ db/migrate/20200204140751_add_users_reference_to_messages.rb:3
  [1m[35m (0.1ms)[0m  [1m[35mBEGIN[0m
  ↳ bin/rails:9
  [1m[36mActiveRecord::SchemaMigration Create (0.2ms)[0m  [1m[32mINSERT INTO `schema_migrations` (`version`) VALUES ('20200204140751')[0m
  ↳ bin/rails:9
  [1m[35m (0.6ms)[0m  [1m[35mCOMMIT[0m
  ↳ bin/rails:9
Migrating to AddUsersReferenceToVenues (20200204140856)
  [1m[35m (13.7ms)[0m  [1m[35mALTER TABLE `venues` ADD `belongs_to_user_id` bigint[0m
  ↳ db/migrate/20200204140856_add_users_reference_to_venues.rb:3
  [1m[35m (7.2ms)[0m  [1m[35mCREATE  INDEX `index_venues_on_belongs_to_user_id`  ON `venues` (`belongs_to_user_id`) [0m
  ↳ db/migrate/20200204140856_add_users_reference_to_venues.rb:3
  [1m[35m (19.0ms)[0m  [1m[35mALTER TABLE `venues` ADD CONSTRAINT `fk_rails_7170b7c798`
FOREIGN KEY (`belongs_to_user_id`)
  REFERENCES `users` (`id`)
[0m
  ↳ db/migrate/20200204140856_add_users_reference_to_venues.rb:3
  [1m[35m (0.1ms)[0m  [1m[35mBEGIN[0m
  ↳ bin/rails:9
  [1m[36mActiveRecord::SchemaMigration Create (0.1ms)[0m  [1m[32mINSERT INTO `schema_migrations` (`version`) VALUES ('20200204140856')[0m
  ↳ bin/rails:9
  [1m[35m (0.7ms)[0m  [1m[35mCOMMIT[0m
  ↳ bin/rails:9
Migrating to AddAddressesReferenceToVenues (20200204141446)
  [1m[35m (41.8ms)[0m  [1m[35mALTER TABLE `venues` ADD `addresses_id` bigint[0m
  ↳ db/migrate/20200204141446_add_addresses_reference_to_venues.rb:3
  [1m[35m (8.4ms)[0m  [1m[35mCREATE  INDEX `index_venues_on_addresses_id`  ON `venues` (`addresses_id`) [0m
  ↳ db/migrate/20200204141446_add_addresses_reference_to_venues.rb:3
  [1m[35m (31.6ms)[0m  [1m[35mALTER TABLE `venues` ADD CONSTRAINT `fk_rails_0af9395e0c`
FOREIGN KEY (`addresses_id`)
  REFERENCES `addresses` (`id`)
[0m
  ↳ db/migrate/20200204141446_add_addresses_reference_to_venues.rb:3
  [1m[35m (0.4ms)[0m  [1m[35mBEGIN[0m
  ↳ bin/rails:9
  [1m[36mActiveRecord::SchemaMigration Create (0.5ms)[0m  [1m[32mINSERT INTO `schema_migrations` (`version`) VALUES ('20200204141446')[0m
  ↳ bin/rails:9
  [1m[35m (2.4ms)[0m  [1m[35mCOMMIT[0m
  ↳ bin/rails:9
Migrating to AddVenuesReferenceToSpaces (20200204141559)
  [1m[35m (19.3ms)[0m  [1m[35mALTER TABLE `spaces` ADD `venues_id` bigint[0m
  ↳ db/migrate/20200204141559_add_venues_reference_to_spaces.rb:3
  [1m[35m (9.6ms)[0m  [1m[35mCREATE  INDEX `index_spaces_on_venues_id`  ON `spaces` (`venues_id`) [0m
  ↳ db/migrate/20200204141559_add_venues_reference_to_spaces.rb:3
  [1m[35m (25.0ms)[0m  [1m[35mALTER TABLE `spaces` ADD CONSTRAINT `fk_rails_0a0199ad47`
FOREIGN KEY (`venues_id`)
  REFERENCES `venues` (`id`)
[0m
  ↳ db/migrate/20200204141559_add_venues_reference_to_spaces.rb:3
  [1m[35m (0.3ms)[0m  [1m[35mBEGIN[0m
  ↳ bin/rails:9
  [1m[36mActiveRecord::SchemaMigration Create (0.4ms)[0m  [1m[32mINSERT INTO `schema_migrations` (`version`) VALUES ('20200204141559')[0m
  ↳ bin/rails:9
  [1m[35m (1.8ms)[0m  [1m[35mCOMMIT[0m
  ↳ bin/rails:9
Migrating to AddUsersReferencesToSpaces (20200204141730)
  [1m[35m (18.7ms)[0m  [1m[35mALTER TABLE `spaces` ADD `manager_id` bigint[0m
  ↳ db/migrate/20200204141730_add_users_references_to_spaces.rb:3
  [1m[35m (9.9ms)[0m  [1m[35mCREATE  INDEX `index_spaces_on_manager_id`  ON `spaces` (`manager_id`) [0m
  ↳ db/migrate/20200204141730_add_users_references_to_spaces.rb:3
  [1m[35m (31.6ms)[0m  [1m[35mALTER TABLE `spaces` ADD CONSTRAINT `fk_rails_f1958cf4de`
FOREIGN KEY (`manager_id`)
  REFERENCES `users` (`id`)
[0m
  ↳ db/migrate/20200204141730_add_users_references_to_spaces.rb:3
  [1m[35m (0.3ms)[0m  [1m[35mBEGIN[0m
  ↳ bin/rails:9
  [1m[36mActiveRecord::SchemaMigration Create (0.5ms)[0m  [1m[32mINSERT INTO `schema_migrations` (`version`) VALUES ('20200204141730')[0m
  ↳ bin/rails:9
  [1m[35m (2.2ms)[0m  [1m[35mCOMMIT[0m
  ↳ bin/rails:9
Migrating to AddTypesReferenceToSpaces (20200204141913)
  [1m[35m (28.7ms)[0m  [1m[35mALTER TABLE `spaces` ADD `types_id` bigint[0m
  ↳ db/migrate/20200204141913_add_types_reference_to_spaces.rb:3
  [1m[35m (8.2ms)[0m  [1m[35mCREATE  INDEX `index_spaces_on_types_id`  ON `spaces` (`types_id`) [0m
  ↳ db/migrate/20200204141913_add_types_reference_to_spaces.rb:3
  [1m[35m (23.0ms)[0m  [1m[35mALTER TABLE `spaces` ADD CONSTRAINT `fk_rails_5b32553c30`
FOREIGN KEY (`types_id`)
  REFERENCES `types` (`id`)
[0m
  ↳ db/migrate/20200204141913_add_types_reference_to_spaces.rb:3
  [1m[35m (0.2ms)[0m  [1m[35mBEGIN[0m
  ↳ bin/rails:9
  [1m[36mActiveRecord::SchemaMigration Create (0.2ms)[0m  [1m[32mINSERT INTO `schema_migrations` (`version`) VALUES ('20200204141913')[0m
  ↳ bin/rails:9
  [1m[35m (1.6ms)[0m  [1m[35mCOMMIT[0m
  ↳ bin/rails:9
Migrating to AddSpacePricesReferenceToSpaces (20200204142026)
  [1m[35m (24.4ms)[0m  [1m[35mALTER TABLE `spaces` ADD `space_prices_id` bigint[0m
  ↳ db/migrate/20200204142026_add_space_prices_reference_to_spaces.rb:3
  [1m[35m (9.5ms)[0m  [1m[35mCREATE  INDEX `index_spaces_on_space_prices_id`  ON `spaces` (`space_prices_id`) [0m
  ↳ db/migrate/20200204142026_add_space_prices_reference_to_spaces.rb:3
  [1m[35m (35.1ms)[0m  [1m[35mALTER TABLE `spaces` ADD CONSTRAINT `fk_rails_992d6868a2`
FOREIGN KEY (`space_prices_id`)
  REFERENCES `space_prices` (`id`)
[0m
  ↳ db/migrate/20200204142026_add_space_prices_reference_to_spaces.rb:3
  [1m[35m (0.4ms)[0m  [1m[35mBEGIN[0m
  ↳ bin/rails:9
  [1m[36mActiveRecord::SchemaMigration Create (0.5ms)[0m  [1m[32mINSERT INTO `schema_migrations` (`version`) VALUES ('20200204142026')[0m
  ↳ bin/rails:9
  [1m[35m (1.9ms)[0m  [1m[35mCOMMIT[0m
  ↳ bin/rails:9
Migrating to AddSpacesReferencesToBookingDetails (20200204142238)
  [1m[35m (18.7ms)[0m  [1m[35mALTER TABLE `booking_details` ADD `spaces_id` bigint[0m
  ↳ db/migrate/20200204142238_add_spaces_references_to_booking_details.rb:3
  [1m[35m (7.9ms)[0m  [1m[35mCREATE  INDEX `index_booking_details_on_spaces_id`  ON `booking_details` (`spaces_id`) [0m
  ↳ db/migrate/20200204142238_add_spaces_references_to_booking_details.rb:3
  [1m[35m (21.4ms)[0m  [1m[35mALTER TABLE `booking_details` ADD CONSTRAINT `fk_rails_cd20e4e69d`
FOREIGN KEY (`spaces_id`)
  REFERENCES `spaces` (`id`)
[0m
  ↳ db/migrate/20200204142238_add_spaces_references_to_booking_details.rb:3
  [1m[35m (0.2ms)[0m  [1m[35mBEGIN[0m
  ↳ bin/rails:9
  [1m[36mActiveRecord::SchemaMigration Create (0.3ms)[0m  [1m[32mINSERT INTO `schema_migrations` (`version`) VALUES ('20200204142238')[0m
  ↳ bin/rails:9
  [1m[35m (1.7ms)[0m  [1m[35mCOMMIT[0m
  ↳ bin/rails:9
Migrating to AddUsersReferencesToBookingDetails (20200204142450)
  [1m[35m (17.7ms)[0m  [1m[35mALTER TABLE `booking_details` ADD `users_id` bigint[0m
  ↳ db/migrate/20200204142450_add_users_references_to_booking_details.rb:3
  [1m[35m (7.7ms)[0m  [1m[35mCREATE  INDEX `index_booking_details_on_users_id`  ON `booking_details` (`users_id`) [0m
  ↳ db/migrate/20200204142450_add_users_references_to_booking_details.rb:3
  [1m[35m (28.8ms)[0m  [1m[35mALTER TABLE `booking_details` ADD CONSTRAINT `fk_rails_33834f4836`
FOREIGN KEY (`users_id`)
  REFERENCES `users` (`id`)
[0m
  ↳ db/migrate/20200204142450_add_users_references_to_booking_details.rb:3
  [1m[35m (0.3ms)[0m  [1m[35mBEGIN[0m
  ↳ bin/rails:9
  [1m[36mActiveRecord::SchemaMigration Create (0.4ms)[0m  [1m[32mINSERT INTO `schema_migrations` (`version`) VALUES ('20200204142450')[0m
  ↳ bin/rails:9
  [1m[35m (2.2ms)[0m  [1m[35mCOMMIT[0m
  ↳ bin/rails:9
Migrating to AddPaymentsReferenceToBookingDetails (20200204142555)
  [1m[35m (24.1ms)[0m  [1m[35mALTER TABLE `booking_details` ADD `payments_id` bigint[0m
  ↳ db/migrate/20200204142555_add_payments_reference_to_booking_details.rb:3
  [1m[35m (8.5ms)[0m  [1m[35mCREATE  INDEX `index_booking_details_on_payments_id`  ON `booking_details` (`payments_id`) [0m
  ↳ db/migrate/20200204142555_add_payments_reference_to_booking_details.rb:3
  [1m[35m (29.0ms)[0m  [1m[35mALTER TABLE `booking_details` ADD CONSTRAINT `fk_rails_8a8648f451`
FOREIGN KEY (`payments_id`)
  REFERENCES `payments` (`id`)
[0m
  ↳ db/migrate/20200204142555_add_payments_reference_to_booking_details.rb:3
  [1m[35m (0.3ms)[0m  [1m[35mBEGIN[0m
  ↳ bin/rails:9
  [1m[36mActiveRecord::SchemaMigration Create (0.4ms)[0m  [1m[32mINSERT INTO `schema_migrations` (`version`) VALUES ('20200204142555')[0m
  ↳ bin/rails:9
  [1m[35m (1.9ms)[0m  [1m[35mCOMMIT[0m
  ↳ bin/rails:9
Migrating to AddVenuesReferenceToAmenities (20200205005218)
  [1m[35m (16.3ms)[0m  [1m[35mALTER TABLE `amenities` ADD `venues_id` bigint[0m
  ↳ db/migrate/20200205005218_add_venues_reference_to_amenities.rb:3
  [1m[35m (7.5ms)[0m  [1m[35mCREATE  INDEX `index_amenities_on_venues_id`  ON `amenities` (`venues_id`) [0m
  ↳ db/migrate/20200205005218_add_venues_reference_to_amenities.rb:3
  [1m[35m (19.1ms)[0m  [1m[35mALTER TABLE `amenities` ADD CONSTRAINT `fk_rails_4574cc678b`
FOREIGN KEY (`venues_id`)
  REFERENCES `venues` (`id`)
[0m
  ↳ db/migrate/20200205005218_add_venues_reference_to_amenities.rb:3
  [1m[35m (0.2ms)[0m  [1m[35mBEGIN[0m
  ↳ bin/rails:9
  [1m[36mActiveRecord::SchemaMigration Create (0.2ms)[0m  [1m[32mINSERT INTO `schema_migrations` (`version`) VALUES ('20200205005218')[0m
  ↳ bin/rails:9
  [1m[35m (1.6ms)[0m  [1m[35mCOMMIT[0m
  ↳ bin/rails:9
  [1m[36mActiveRecord::InternalMetadata Load (0.8ms)[0m  [1m[34mSELECT  `ar_internal_metadata`.* FROM `ar_internal_metadata` WHERE `ar_internal_metadata`.`key` = 'environment' LIMIT 1[0m
  ↳ bin/rails:9
  [1m[35m (0.2ms)[0m  [1m[35mBEGIN[0m
  ↳ bin/rails:9
  [1m[36mActiveRecord::InternalMetadata Create (0.2ms)[0m  [1m[32mINSERT INTO `ar_internal_metadata` (`key`, `value`, `created_at`, `updated_at`) VALUES ('environment', 'development', '2020-02-05 00:53:15', '2020-02-05 00:53:15')[0m
  ↳ bin/rails:9
  [1m[35m (1.5ms)[0m  [1m[35mCOMMIT[0m
  ↳ bin/rails:9
  [1m[35m (0.2ms)[0m  [1m[34mSELECT RELEASE_LOCK('5236935387662330205')[0m
  ↳ bin/rails:9
  [1m[35m (0.2ms)[0m  [1m[34mSELECT `schema_migrations`.`version` FROM `schema_migrations` ORDER BY `schema_migrations`.`version` ASC[0m
  ↳ bin/rails:9
